0 info it worked if it ends with ok
1 verbose cli [ '/usr/local/bin/node', '/usr/local/bin/npm', 'start' ]
2 info using npm@4.0.2
3 info using node@v4.3.0
4 verbose run-script [ 'prestart', 'start', 'poststart' ]
5 info lifecycle redux-saga-shuttle@0.0.1~prestart: redux-saga-shuttle@0.0.1
6 silly lifecycle redux-saga-shuttle@0.0.1~prestart: no script for prestart, continuing
7 info lifecycle redux-saga-shuttle@0.0.1~start: redux-saga-shuttle@0.0.1
8 verbose lifecycle redux-saga-shuttle@0.0.1~start: unsafe-perm in lifecycle true
9 verbose lifecycle redux-saga-shuttle@0.0.1~start: PATH: /usr/local/lib/node_modules/npm/bin/node-gyp-bin:/Users/jianlong.yao/Documents/source/redux-saga-shuttle/node_modules/.bin:/Users/jianlong.yao/Downloads/cocos2d-x-3.13.1/templates:/Users/jianlong.yao/Downloads:/Users/jianlong.yao/Downloads/cocos2d-x-3.13.1/tools/cocos2d-console/bin:/usr/local/bin:/usr/bin:/bin:/usr/sbin:/sbin
10 verbose lifecycle redux-saga-shuttle@0.0.1~start: CWD: /Users/jianlong.yao/Documents/source/redux-saga-shuttle
11 silly lifecycle redux-saga-shuttle@0.0.1~start: Args: [ '-c', 'node server.js' ]
12 silly lifecycle redux-saga-shuttle@0.0.1~start: Returned: code: 1  signal: null
13 info lifecycle redux-saga-shuttle@0.0.1~start: Failed to exec start script
14 verbose stack Error: redux-saga-shuttle@0.0.1 start: `node server.js`
14 verbose stack Exit status 1
14 verbose stack     at EventEmitter.<anonymous> (/usr/local/lib/node_modules/npm/lib/utils/lifecycle.js:279:16)
14 verbose stack     at emitTwo (events.js:87:13)
14 verbose stack     at EventEmitter.emit (events.js:172:7)
14 verbose stack     at ChildProcess.<anonymous> (/usr/local/lib/node_modules/npm/lib/utils/spawn.js:40:14)
14 verbose stack     at emitTwo (events.js:87:13)
14 verbose stack     at ChildProcess.emit (events.js:172:7)
14 verbose stack     at maybeClose (internal/child_process.js:821:16)
14 verbose stack     at Process.ChildProcess._handle.onexit (internal/child_process.js:211:5)
15 verbose pkgid redux-saga-shuttle@0.0.1
16 verbose cwd /Users/jianlong.yao/Documents/source/redux-saga-shuttle
17 error Darwin 16.1.0
18 error argv "/usr/local/bin/node" "/usr/local/bin/npm" "start"
19 error node v4.3.0
20 error npm  v4.0.2
21 error code ELIFECYCLE
22 error redux-saga-shuttle@0.0.1 start: `node server.js`
22 error Exit status 1
23 error Failed at the redux-saga-shuttle@0.0.1 start script 'node server.js'.
23 error Make sure you have the latest version of node.js and npm installed.
23 error If you do, this is most likely a problem with the redux-saga-shuttle package,
23 error not with npm itself.
23 error Tell the author that this fails on your system:
23 error     node server.js
23 error You can get information on how to open an issue for this project with:
23 error     npm bugs redux-saga-shuttle
23 error Or if that isn't available, you can get their info via:
23 error     npm owner ls redux-saga-shuttle
23 error There is likely additional logging output above.
24 verbose exit [ 1, true ]
